Arguments: 
  /usr/local/bin/node /opt/yarn-v1.5.1/bin/yarn.js run dev

PATH: 
  /usr/local/sbin:/usr/local/bin:/usr/sbin:/usr/bin:/sbin:/bin

Yarn version: 
  1.5.1

Node version: 
  9.11.2

Platform: 
  linux x64

npm manifest: 
  {
    "name": "autheg-frontend",
    "version": "1.0.0",
    "description": "Nuxt.js project",
    "author": "kazukinakamuraKN <kajirikajiri@gmail.com>",
    "private": true,
    "scripts": {
      "dev": "nuxt",
      "build": "nuxt build",
      "start": "nuxt start",
      "generate": "nuxt generate",
      "lint": "eslint --ext .js,.vue --ignore-path .gitignore .",
      "precommit": "npm run lint"
    },
    "dependencies": {
      "nuxt": "^2.0.0"
    },
    "devDependencies": {
      "babel-eslint": "^10.0.1",
      "eslint": "^4.19.1",
      "eslint-friendly-formatter": "^4.0.1",
      "eslint-loader": "^2.1.1",
      "eslint-plugin-vue": "^4.0.0"
    }
  }

yarn manifest: 
  No manifest

Lockfile: 
  # THIS IS AN AUTOGENERATED FILE. DO NOT EDIT THIS FILE DIRECTLY.
  # yarn lockfile v1
  
  
  autheg-frontend@1.0.0:
    version "1.0.0"
    dependencies:
      nuxt "^2.0.0"

Trace: 
  Error: Command failed.
  Exit code: 127
  Command: sh
  Arguments: -c nuxt
  Directory: /usr/src/app
  Output:
  
      at ProcessTermError.MessageError (/opt/yarn-v1.5.1/lib/cli.js:186:110)
      at new ProcessTermError (/opt/yarn-v1.5.1/lib/cli.js:226:113)
      at ChildProcess.<anonymous> (/opt/yarn-v1.5.1/lib/cli.js:30281:17)
      at ChildProcess.emit (events.js:180:13)
      at maybeClose (internal/child_process.js:936:16)
      at Process.ChildProcess._handle.onexit (internal/child_process.js:220:5)
